26 Apr 2024 19:54:52 [main] INFO : Test setup initiated
26 Apr 2024 19:54:53 [main] INFO : Setting up the test report using ExtentReports
26 Apr 2024 19:54:53 [main] INFO : Test report setup completed
26 Apr 2024 19:54:53 [main] INFO : Setting up the test data using Excel
26 Apr 2024 19:54:54 [main] DEBUG: Parsing relationship: /xl/_rels/workbook.xml.rels
26 Apr 2024 19:54:54 [main] DEBUG: Parsing relationship: /_rels/.rels
26 Apr 2024 19:54:54 [main] TRACE: Loading type system org.apache.poi.schemas.ooxml.system.ooxml
26 Apr 2024 19:54:54 [main] TRACE: Loading type system org.apache.xmlbeans.metadata.system.sXMLCONFIG
26 Apr 2024 19:54:54 [main] TRACE: Loading type system org.apache.xmlbeans.metadata.system.sXMLLANG
26 Apr 2024 19:54:54 [main] TRACE: Loading type system org.apache.xmlbeans.metadata.system.sXMLSCHEMA
26 Apr 2024 19:54:54 [main] TRACE: Loading type system org.apache.xmlbeans.metadata.system.sXMLTOOLS
26 Apr 2024 19:54:54 [main] TRACE: Reading unresolved handles for type system org.apache.xmlbeans.metadata.system.sXMLTOOLS
26 Apr 2024 19:54:54 [main] TRACE: Finished loading type system org.apache.xmlbeans.metadata.system.sXMLTOOLS
26 Apr 2024 19:54:54 [main] TRACE: Reading unresolved handles for type system org.apache.xmlbeans.metadata.system.sXMLSCHEMA
26 Apr 2024 19:54:54 [main] TRACE: Finished loading type system org.apache.xmlbeans.metadata.system.sXMLSCHEMA
26 Apr 2024 19:54:54 [main] TRACE: Reading unresolved handles for type system org.apache.xmlbeans.metadata.system.sXMLLANG
26 Apr 2024 19:54:54 [main] TRACE: Finished loading type system org.apache.xmlbeans.metadata.system.sXMLLANG
26 Apr 2024 19:54:54 [main] TRACE: Reading unresolved handles for type system org.apache.xmlbeans.metadata.system.sXMLCONFIG
26 Apr 2024 19:54:54 [main] TRACE: Finished loading type system org.apache.xmlbeans.metadata.system.sXMLCONFIG
26 Apr 2024 19:54:54 [main] TRACE: Reading unresolved handles for type system org.apache.poi.schemas.ooxml.system.ooxml
26 Apr 2024 19:54:54 [main] TRACE: Finished loading type system org.apache.poi.schemas.ooxml.system.ooxml
26 Apr 2024 19:54:54 [main] TRACE: Resolving type for handle themefd26doctype
26 Apr 2024 19:54:54 [main] TRACE: Resolving type for handle stylesheet5d8bdoctype
26 Apr 2024 19:54:54 [main] TRACE: Resolving type for handle ctstylesheet4257type
26 Apr 2024 19:54:54 [main] TRACE: Resolving type for handle ctfonts6623type
26 Apr 2024 19:54:54 [main] TRACE: Resolving type for handle ctfont14d8type
26 Apr 2024 19:54:54 [main] TRACE: Resolving type for handle ctfills2c6ftype
26 Apr 2024 19:54:54 [main] TRACE: Resolving type for handle ctfill550ctype
26 Apr 2024 19:54:54 [main] TRACE: Resolving type for handle ctborders0d66type
26 Apr 2024 19:54:54 [main] TRACE: Resolving type for handle ctborderf935type
26 Apr 2024 19:54:54 [main] TRACE: Resolving type for handle ctcellxfs1322type
26 Apr 2024 19:54:54 [main] TRACE: Resolving type for handle ctxf97f7type
26 Apr 2024 19:54:54 [main] TRACE: Resolving type for handle ctcellstylexfsa81ftype
26 Apr 2024 19:54:54 [main] TRACE: Resolving type for handle ctdxfsb26atype
26 Apr 2024 19:54:54 [main] TRACE: Resolving type for handle cttablestyles872ftype
26 Apr 2024 19:54:54 [main] TRACE: Resolving type for handle sstf81fdoctype
26 Apr 2024 19:54:54 [main] TRACE: Resolving type for handle ctsst44f3type
26 Apr 2024 19:54:54 [main] TRACE: Resolving type for handle ctrsta472type
26 Apr 2024 19:54:54 [main] TRACE: Resolving type for handle workbookec17doctype
26 Apr 2024 19:54:54 [main] TRACE: Resolving type for handle ctworkbook83c3type
26 Apr 2024 19:54:54 [main] TRACE: Resolving type for handle ctsheets49fdtype
26 Apr 2024 19:54:54 [main] TRACE: Resolving type for handle ctsheet4dbetype
26 Apr 2024 19:54:54 [main] TRACE: Resolving type for handle strelationshipid1e94type
26 Apr 2024 19:54:54 [main] TRACE: Resolving type for handle worksheetf539doctype
26 Apr 2024 19:54:54 [main] TRACE: Resolving type for handle ctworksheet530dtype
26 Apr 2024 19:54:54 [main] TRACE: Resolving type for handle ctcols627ctype
26 Apr 2024 19:54:54 [main] TRACE: Resolving type for handle ctsheetdata8408type
26 Apr 2024 19:54:54 [main] TRACE: Resolving type for handle ctrowdd39type
26 Apr 2024 19:54:54 [main] TRACE: Resolving type for handle ctcell842btype
26 Apr 2024 19:54:54 [main] TRACE: Resolving type for handle stcellrefe4e0type
26 Apr 2024 19:54:54 [main] TRACE: Resolving type for handle stcelltypebf95type
26 Apr 2024 19:54:54 [main] TRACE: Resolving type for handle stxstringf179type
26 Apr 2024 19:54:54 [main] INFO : Test data setup completed
26 Apr 2024 19:54:54 [main] INFO : Screenshot setup initiated
26 Apr 2024 19:54:54 [main] INFO : Screenshot setup completed
26 Apr 2024 19:54:54 [main] INFO : Test setup completed
26 Apr 2024 19:54:54 [main] INFO : Opening webpage
26 Apr 2024 19:55:03 [main] INFO : Book name presents
26 Apr 2024 19:55:03 [main] INFO : Adding to cart
26 Apr 2024 19:55:05 [main] FATAL: ADD TO CART NOT CLICKABLE
26 Apr 2024 19:55:05 [main] INFO : Choosing BN Membership
26 Apr 2024 19:55:09 [main] INFO : JOIN REWARDS clicked
26 Apr 2024 19:55:20 [main] INFO : Screenshot taken for evidence
26 Apr 2024 19:55:20 [main] FATAL: Trying to find SIGN IN POP UP will fail
26 Apr 2024 19:55:20 [main] ERROR: SIGN IN POP UP not found
26 Apr 2024 19:55:20 [main] INFO : Closing the test
26 Apr 2024 19:55:22 [main] INFO : Report Flushed
26 Apr 2024 19:55:22 [main] INFO : Test closed
26 Apr 2024 20:02:45 [main] INFO : Test setup initiated
26 Apr 2024 20:02:46 [main] INFO : Setting up the test report using ExtentReports
26 Apr 2024 20:02:46 [main] INFO : Test report setup completed
26 Apr 2024 20:02:46 [main] INFO : Setting up the test data using Excel
26 Apr 2024 20:02:46 [main] DEBUG: Parsing relationship: /xl/_rels/workbook.xml.rels
26 Apr 2024 20:02:46 [main] DEBUG: Parsing relationship: /_rels/.rels
26 Apr 2024 20:02:47 [main] TRACE: Loading type system org.apache.poi.schemas.ooxml.system.ooxml
26 Apr 2024 20:02:47 [main] TRACE: Loading type system org.apache.xmlbeans.metadata.system.sXMLCONFIG
26 Apr 2024 20:02:47 [main] TRACE: Loading type system org.apache.xmlbeans.metadata.system.sXMLLANG
26 Apr 2024 20:02:47 [main] TRACE: Loading type system org.apache.xmlbeans.metadata.system.sXMLSCHEMA
26 Apr 2024 20:02:47 [main] TRACE: Loading type system org.apache.xmlbeans.metadata.system.sXMLTOOLS
26 Apr 2024 20:02:47 [main] TRACE: Reading unresolved handles for type system org.apache.xmlbeans.metadata.system.sXMLTOOLS
26 Apr 2024 20:02:47 [main] TRACE: Finished loading type system org.apache.xmlbeans.metadata.system.sXMLTOOLS
26 Apr 2024 20:02:47 [main] TRACE: Reading unresolved handles for type system org.apache.xmlbeans.metadata.system.sXMLSCHEMA
26 Apr 2024 20:02:47 [main] TRACE: Finished loading type system org.apache.xmlbeans.metadata.system.sXMLSCHEMA
26 Apr 2024 20:02:47 [main] TRACE: Reading unresolved handles for type system org.apache.xmlbeans.metadata.system.sXMLLANG
26 Apr 2024 20:02:47 [main] TRACE: Finished loading type system org.apache.xmlbeans.metadata.system.sXMLLANG
26 Apr 2024 20:02:47 [main] TRACE: Reading unresolved handles for type system org.apache.xmlbeans.metadata.system.sXMLCONFIG
26 Apr 2024 20:02:47 [main] TRACE: Finished loading type system org.apache.xmlbeans.metadata.system.sXMLCONFIG
26 Apr 2024 20:02:47 [main] TRACE: Reading unresolved handles for type system org.apache.poi.schemas.ooxml.system.ooxml
26 Apr 2024 20:02:47 [main] TRACE: Finished loading type system org.apache.poi.schemas.ooxml.system.ooxml
26 Apr 2024 20:02:47 [main] TRACE: Resolving type for handle themefd26doctype
26 Apr 2024 20:02:47 [main] TRACE: Resolving type for handle stylesheet5d8bdoctype
26 Apr 2024 20:02:47 [main] TRACE: Resolving type for handle ctstylesheet4257type
26 Apr 2024 20:02:47 [main] TRACE: Resolving type for handle ctfonts6623type
26 Apr 2024 20:02:47 [main] TRACE: Resolving type for handle ctfont14d8type
26 Apr 2024 20:02:47 [main] TRACE: Resolving type for handle ctfills2c6ftype
26 Apr 2024 20:02:47 [main] TRACE: Resolving type for handle ctfill550ctype
26 Apr 2024 20:02:47 [main] TRACE: Resolving type for handle ctborders0d66type
26 Apr 2024 20:02:47 [main] TRACE: Resolving type for handle ctborderf935type
26 Apr 2024 20:02:47 [main] TRACE: Resolving type for handle ctcellxfs1322type
26 Apr 2024 20:02:47 [main] TRACE: Resolving type for handle ctxf97f7type
26 Apr 2024 20:02:47 [main] TRACE: Resolving type for handle ctcellstylexfsa81ftype
26 Apr 2024 20:02:47 [main] TRACE: Resolving type for handle ctdxfsb26atype
26 Apr 2024 20:02:47 [main] TRACE: Resolving type for handle cttablestyles872ftype
26 Apr 2024 20:02:47 [main] TRACE: Resolving type for handle sstf81fdoctype
26 Apr 2024 20:02:47 [main] TRACE: Resolving type for handle ctsst44f3type
26 Apr 2024 20:02:47 [main] TRACE: Resolving type for handle ctrsta472type
26 Apr 2024 20:02:47 [main] TRACE: Resolving type for handle workbookec17doctype
26 Apr 2024 20:02:47 [main] TRACE: Resolving type for handle ctworkbook83c3type
26 Apr 2024 20:02:47 [main] TRACE: Resolving type for handle ctsheets49fdtype
26 Apr 2024 20:02:47 [main] TRACE: Resolving type for handle ctsheet4dbetype
26 Apr 2024 20:02:47 [main] TRACE: Resolving type for handle strelationshipid1e94type
26 Apr 2024 20:02:47 [main] TRACE: Resolving type for handle worksheetf539doctype
26 Apr 2024 20:02:47 [main] TRACE: Resolving type for handle ctworksheet530dtype
26 Apr 2024 20:02:47 [main] TRACE: Resolving type for handle ctcols627ctype
26 Apr 2024 20:02:47 [main] TRACE: Resolving type for handle ctsheetdata8408type
26 Apr 2024 20:02:47 [main] TRACE: Resolving type for handle ctrowdd39type
26 Apr 2024 20:02:47 [main] TRACE: Resolving type for handle ctcell842btype
26 Apr 2024 20:02:47 [main] TRACE: Resolving type for handle stcellrefe4e0type
26 Apr 2024 20:02:47 [main] TRACE: Resolving type for handle stcelltypebf95type
26 Apr 2024 20:02:47 [main] TRACE: Resolving type for handle stxstringf179type
26 Apr 2024 20:02:47 [main] INFO : Test data setup completed
26 Apr 2024 20:02:47 [main] INFO : Screenshot setup initiated
26 Apr 2024 20:02:47 [main] INFO : Screenshot setup completed
26 Apr 2024 20:02:47 [main] INFO : Test setup completed
26 Apr 2024 20:02:47 [main] INFO : Opening webpage
26 Apr 2024 20:03:01 [main] INFO : Book name presents
26 Apr 2024 20:03:01 [main] INFO : Adding to cart
26 Apr 2024 20:03:03 [main] FATAL: ADD TO CART NOT CLICKABLE
26 Apr 2024 20:03:03 [main] INFO : Choosing BN Membership
26 Apr 2024 20:03:06 [main] INFO : JOIN REWARDS clicked
26 Apr 2024 20:03:16 [main] INFO : Screenshot taken for evidence
26 Apr 2024 20:03:16 [main] FATAL: Trying to find SIGN IN POP UP will fail
26 Apr 2024 20:03:16 [main] ERROR: SIGN IN POP UP not found
26 Apr 2024 20:03:16 [main] INFO : Closing the test
26 Apr 2024 20:03:17 [main] INFO : Report Flushed
26 Apr 2024 20:03:17 [main] INFO : Test closed
26 Apr 2024 20:05:20 [main] INFO : Test setup initiated
26 Apr 2024 20:05:22 [main] INFO : Setting up the test report using ExtentReports
26 Apr 2024 20:05:22 [main] INFO : Test report setup completed
26 Apr 2024 20:05:22 [main] INFO : Setting up the test data using Excel
26 Apr 2024 20:05:22 [main] DEBUG: Parsing relationship: /xl/_rels/workbook.xml.rels
26 Apr 2024 20:05:22 [main] DEBUG: Parsing relationship: /_rels/.rels
26 Apr 2024 20:05:22 [main] TRACE: Loading type system org.apache.poi.schemas.ooxml.system.ooxml
26 Apr 2024 20:05:22 [main] TRACE: Loading type system org.apache.xmlbeans.metadata.system.sXMLCONFIG
26 Apr 2024 20:05:22 [main] TRACE: Loading type system org.apache.xmlbeans.metadata.system.sXMLLANG
26 Apr 2024 20:05:22 [main] TRACE: Loading type system org.apache.xmlbeans.metadata.system.sXMLSCHEMA
26 Apr 2024 20:05:22 [main] TRACE: Loading type system org.apache.xmlbeans.metadata.system.sXMLTOOLS
26 Apr 2024 20:05:22 [main] TRACE: Reading unresolved handles for type system org.apache.xmlbeans.metadata.system.sXMLTOOLS
26 Apr 2024 20:05:22 [main] TRACE: Finished loading type system org.apache.xmlbeans.metadata.system.sXMLTOOLS
26 Apr 2024 20:05:22 [main] TRACE: Reading unresolved handles for type system org.apache.xmlbeans.metadata.system.sXMLSCHEMA
26 Apr 2024 20:05:22 [main] TRACE: Finished loading type system org.apache.xmlbeans.metadata.system.sXMLSCHEMA
26 Apr 2024 20:05:22 [main] TRACE: Reading unresolved handles for type system org.apache.xmlbeans.metadata.system.sXMLLANG
26 Apr 2024 20:05:22 [main] TRACE: Finished loading type system org.apache.xmlbeans.metadata.system.sXMLLANG
26 Apr 2024 20:05:22 [main] TRACE: Reading unresolved handles for type system org.apache.xmlbeans.metadata.system.sXMLCONFIG
26 Apr 2024 20:05:22 [main] TRACE: Finished loading type system org.apache.xmlbeans.metadata.system.sXMLCONFIG
26 Apr 2024 20:05:22 [main] TRACE: Reading unresolved handles for type system org.apache.poi.schemas.ooxml.system.ooxml
26 Apr 2024 20:05:22 [main] TRACE: Finished loading type system org.apache.poi.schemas.ooxml.system.ooxml
26 Apr 2024 20:05:22 [main] TRACE: Resolving type for handle themefd26doctype
26 Apr 2024 20:05:22 [main] TRACE: Resolving type for handle stylesheet5d8bdoctype
26 Apr 2024 20:05:22 [main] TRACE: Resolving type for handle ctstylesheet4257type
26 Apr 2024 20:05:22 [main] TRACE: Resolving type for handle ctfonts6623type
26 Apr 2024 20:05:22 [main] TRACE: Resolving type for handle ctfont14d8type
26 Apr 2024 20:05:22 [main] TRACE: Resolving type for handle ctfills2c6ftype
26 Apr 2024 20:05:22 [main] TRACE: Resolving type for handle ctfill550ctype
26 Apr 2024 20:05:22 [main] TRACE: Resolving type for handle ctborders0d66type
26 Apr 2024 20:05:22 [main] TRACE: Resolving type for handle ctborderf935type
26 Apr 2024 20:05:22 [main] TRACE: Resolving type for handle ctcellxfs1322type
26 Apr 2024 20:05:22 [main] TRACE: Resolving type for handle ctxf97f7type
26 Apr 2024 20:05:22 [main] TRACE: Resolving type for handle ctcellstylexfsa81ftype
26 Apr 2024 20:05:22 [main] TRACE: Resolving type for handle ctdxfsb26atype
26 Apr 2024 20:05:22 [main] TRACE: Resolving type for handle cttablestyles872ftype
26 Apr 2024 20:05:22 [main] TRACE: Resolving type for handle sstf81fdoctype
26 Apr 2024 20:05:22 [main] TRACE: Resolving type for handle ctsst44f3type
26 Apr 2024 20:05:22 [main] TRACE: Resolving type for handle ctrsta472type
26 Apr 2024 20:05:22 [main] TRACE: Resolving type for handle workbookec17doctype
26 Apr 2024 20:05:22 [main] TRACE: Resolving type for handle ctworkbook83c3type
26 Apr 2024 20:05:22 [main] TRACE: Resolving type for handle ctsheets49fdtype
26 Apr 2024 20:05:22 [main] TRACE: Resolving type for handle ctsheet4dbetype
26 Apr 2024 20:05:22 [main] TRACE: Resolving type for handle strelationshipid1e94type
26 Apr 2024 20:05:22 [main] TRACE: Resolving type for handle worksheetf539doctype
26 Apr 2024 20:05:22 [main] TRACE: Resolving type for handle ctworksheet530dtype
26 Apr 2024 20:05:22 [main] TRACE: Resolving type for handle ctcols627ctype
26 Apr 2024 20:05:22 [main] TRACE: Resolving type for handle ctsheetdata8408type
26 Apr 2024 20:05:22 [main] TRACE: Resolving type for handle ctrowdd39type
26 Apr 2024 20:05:22 [main] TRACE: Resolving type for handle ctcell842btype
26 Apr 2024 20:05:22 [main] TRACE: Resolving type for handle stcellrefe4e0type
26 Apr 2024 20:05:22 [main] TRACE: Resolving type for handle stcelltypebf95type
26 Apr 2024 20:05:22 [main] TRACE: Resolving type for handle stxstringf179type
26 Apr 2024 20:05:22 [main] INFO : Test data setup completed
26 Apr 2024 20:05:22 [main] INFO : Screenshot setup initiated
26 Apr 2024 20:05:22 [main] INFO : Screenshot setup completed
26 Apr 2024 20:05:22 [main] INFO : Test setup completed
26 Apr 2024 20:05:22 [main] INFO : Opening webpage
26 Apr 2024 20:05:31 [main] INFO : Book name presents
26 Apr 2024 20:05:31 [main] INFO : Adding to cart
26 Apr 2024 20:05:33 [main] FATAL: ADD TO CART NOT CLICKABLE
26 Apr 2024 20:05:33 [main] INFO : Choosing BN Membership
26 Apr 2024 20:05:37 [main] INFO : JOIN REWARDS clicked
26 Apr 2024 20:05:47 [main] INFO : Screenshot taken for evidence
26 Apr 2024 20:05:47 [main] FATAL: Trying to find SIGN IN POP UP will fail
26 Apr 2024 20:05:47 [main] ERROR: SIGN IN POP UP not found
26 Apr 2024 20:05:47 [main] INFO : Closing the test
26 Apr 2024 20:05:48 [main] INFO : Report Flushed
26 Apr 2024 20:05:48 [main] INFO : Test closed
26 Apr 2024 20:08:44 [main] INFO : Test setup initiated
26 Apr 2024 20:08:46 [main] INFO : Setting up the test report using ExtentReports
26 Apr 2024 20:08:46 [main] INFO : Test report setup completed
26 Apr 2024 20:08:46 [main] INFO : Setting up the test data using Excel
26 Apr 2024 20:08:46 [main] DEBUG: Parsing relationship: /xl/_rels/workbook.xml.rels
26 Apr 2024 20:08:46 [main] DEBUG: Parsing relationship: /_rels/.rels
26 Apr 2024 20:08:46 [main] TRACE: Loading type system org.apache.poi.schemas.ooxml.system.ooxml
26 Apr 2024 20:08:46 [main] TRACE: Loading type system org.apache.xmlbeans.metadata.system.sXMLCONFIG
26 Apr 2024 20:08:46 [main] TRACE: Loading type system org.apache.xmlbeans.metadata.system.sXMLLANG
26 Apr 2024 20:08:46 [main] TRACE: Loading type system org.apache.xmlbeans.metadata.system.sXMLSCHEMA
26 Apr 2024 20:08:46 [main] TRACE: Loading type system org.apache.xmlbeans.metadata.system.sXMLTOOLS
26 Apr 2024 20:08:46 [main] TRACE: Reading unresolved handles for type system org.apache.xmlbeans.metadata.system.sXMLTOOLS
26 Apr 2024 20:08:46 [main] TRACE: Finished loading type system org.apache.xmlbeans.metadata.system.sXMLTOOLS
26 Apr 2024 20:08:46 [main] TRACE: Reading unresolved handles for type system org.apache.xmlbeans.metadata.system.sXMLSCHEMA
26 Apr 2024 20:08:46 [main] TRACE: Finished loading type system org.apache.xmlbeans.metadata.system.sXMLSCHEMA
26 Apr 2024 20:08:46 [main] TRACE: Reading unresolved handles for type system org.apache.xmlbeans.metadata.system.sXMLLANG
26 Apr 2024 20:08:46 [main] TRACE: Finished loading type system org.apache.xmlbeans.metadata.system.sXMLLANG
26 Apr 2024 20:08:46 [main] TRACE: Reading unresolved handles for type system org.apache.xmlbeans.metadata.system.sXMLCONFIG
26 Apr 2024 20:08:46 [main] TRACE: Finished loading type system org.apache.xmlbeans.metadata.system.sXMLCONFIG
26 Apr 2024 20:08:46 [main] TRACE: Reading unresolved handles for type system org.apache.poi.schemas.ooxml.system.ooxml
26 Apr 2024 20:08:47 [main] TRACE: Finished loading type system org.apache.poi.schemas.ooxml.system.ooxml
26 Apr 2024 20:08:47 [main] TRACE: Resolving type for handle themefd26doctype
26 Apr 2024 20:08:47 [main] TRACE: Resolving type for handle stylesheet5d8bdoctype
26 Apr 2024 20:08:47 [main] TRACE: Resolving type for handle ctstylesheet4257type
26 Apr 2024 20:08:47 [main] TRACE: Resolving type for handle ctfonts6623type
26 Apr 2024 20:08:47 [main] TRACE: Resolving type for handle ctfont14d8type
26 Apr 2024 20:08:47 [main] TRACE: Resolving type for handle ctfills2c6ftype
26 Apr 2024 20:08:47 [main] TRACE: Resolving type for handle ctfill550ctype
26 Apr 2024 20:08:47 [main] TRACE: Resolving type for handle ctborders0d66type
26 Apr 2024 20:08:47 [main] TRACE: Resolving type for handle ctborderf935type
26 Apr 2024 20:08:47 [main] TRACE: Resolving type for handle ctcellxfs1322type
26 Apr 2024 20:08:47 [main] TRACE: Resolving type for handle ctxf97f7type
26 Apr 2024 20:08:47 [main] TRACE: Resolving type for handle ctcellstylexfsa81ftype
26 Apr 2024 20:08:47 [main] TRACE: Resolving type for handle ctdxfsb26atype
26 Apr 2024 20:08:47 [main] TRACE: Resolving type for handle cttablestyles872ftype
26 Apr 2024 20:08:47 [main] TRACE: Resolving type for handle sstf81fdoctype
26 Apr 2024 20:08:47 [main] TRACE: Resolving type for handle ctsst44f3type
26 Apr 2024 20:08:47 [main] TRACE: Resolving type for handle ctrsta472type
26 Apr 2024 20:08:47 [main] TRACE: Resolving type for handle workbookec17doctype
26 Apr 2024 20:08:47 [main] TRACE: Resolving type for handle ctworkbook83c3type
26 Apr 2024 20:08:47 [main] TRACE: Resolving type for handle ctsheets49fdtype
26 Apr 2024 20:08:47 [main] TRACE: Resolving type for handle ctsheet4dbetype
26 Apr 2024 20:08:47 [main] TRACE: Resolving type for handle strelationshipid1e94type
26 Apr 2024 20:08:47 [main] TRACE: Resolving type for handle worksheetf539doctype
26 Apr 2024 20:08:47 [main] TRACE: Resolving type for handle ctworksheet530dtype
26 Apr 2024 20:08:47 [main] TRACE: Resolving type for handle ctcols627ctype
26 Apr 2024 20:08:47 [main] TRACE: Resolving type for handle ctsheetdata8408type
26 Apr 2024 20:08:47 [main] TRACE: Resolving type for handle ctrowdd39type
26 Apr 2024 20:08:47 [main] TRACE: Resolving type for handle ctcell842btype
26 Apr 2024 20:08:47 [main] TRACE: Resolving type for handle stcellrefe4e0type
26 Apr 2024 20:08:47 [main] TRACE: Resolving type for handle stcelltypebf95type
26 Apr 2024 20:08:47 [main] TRACE: Resolving type for handle stxstringf179type
26 Apr 2024 20:08:47 [main] INFO : Test data setup completed
26 Apr 2024 20:08:47 [main] INFO : Screenshot setup initiated
26 Apr 2024 20:08:47 [main] INFO : Screenshot setup completed
26 Apr 2024 20:08:47 [main] INFO : Test setup completed
26 Apr 2024 20:08:47 [main] INFO : Opening webpage
26 Apr 2024 20:08:57 [main] INFO : Book name presents
26 Apr 2024 20:08:57 [main] INFO : Adding to cart
26 Apr 2024 20:09:00 [main] FATAL: ADD TO CART NOT CLICKABLE
26 Apr 2024 20:09:00 [main] INFO : Choosing BN Membership
26 Apr 2024 20:09:03 [main] INFO : JOIN REWARDS clicked
26 Apr 2024 20:09:13 [main] INFO : Screenshot taken for evidence
26 Apr 2024 20:09:13 [main] FATAL: Trying to find SIGN IN POP UP will fail
26 Apr 2024 20:09:13 [main] ERROR: SIGN IN POP UP not found
26 Apr 2024 20:09:13 [main] INFO : Closing the test
26 Apr 2024 20:09:13 [main] INFO : Report Flushed
26 Apr 2024 20:09:13 [main] INFO : Test closed
26 Apr 2024 20:11:31 [main] INFO : Test setup initiated
26 Apr 2024 20:11:33 [main] INFO : Setting up the test report using ExtentReports
26 Apr 2024 20:11:33 [main] INFO : Test report setup completed
26 Apr 2024 20:11:33 [main] INFO : Setting up the test data using Excel
26 Apr 2024 20:11:33 [main] DEBUG: Parsing relationship: /xl/_rels/workbook.xml.rels
26 Apr 2024 20:11:33 [main] DEBUG: Parsing relationship: /_rels/.rels
26 Apr 2024 20:11:33 [main] TRACE: Loading type system org.apache.poi.schemas.ooxml.system.ooxml
26 Apr 2024 20:11:33 [main] TRACE: Loading type system org.apache.xmlbeans.metadata.system.sXMLCONFIG
26 Apr 2024 20:11:33 [main] TRACE: Loading type system org.apache.xmlbeans.metadata.system.sXMLLANG
26 Apr 2024 20:11:33 [main] TRACE: Loading type system org.apache.xmlbeans.metadata.system.sXMLSCHEMA
26 Apr 2024 20:11:33 [main] TRACE: Loading type system org.apache.xmlbeans.metadata.system.sXMLTOOLS
26 Apr 2024 20:11:33 [main] TRACE: Reading unresolved handles for type system org.apache.xmlbeans.metadata.system.sXMLTOOLS
26 Apr 2024 20:11:33 [main] TRACE: Finished loading type system org.apache.xmlbeans.metadata.system.sXMLTOOLS
26 Apr 2024 20:11:33 [main] TRACE: Reading unresolved handles for type system org.apache.xmlbeans.metadata.system.sXMLSCHEMA
26 Apr 2024 20:11:33 [main] TRACE: Finished loading type system org.apache.xmlbeans.metadata.system.sXMLSCHEMA
26 Apr 2024 20:11:33 [main] TRACE: Reading unresolved handles for type system org.apache.xmlbeans.metadata.system.sXMLLANG
26 Apr 2024 20:11:33 [main] TRACE: Finished loading type system org.apache.xmlbeans.metadata.system.sXMLLANG
26 Apr 2024 20:11:33 [main] TRACE: Reading unresolved handles for type system org.apache.xmlbeans.metadata.system.sXMLCONFIG
26 Apr 2024 20:11:33 [main] TRACE: Finished loading type system org.apache.xmlbeans.metadata.system.sXMLCONFIG
26 Apr 2024 20:11:33 [main] TRACE: Reading unresolved handles for type system org.apache.poi.schemas.ooxml.system.ooxml
26 Apr 2024 20:11:34 [main] TRACE: Finished loading type system org.apache.poi.schemas.ooxml.system.ooxml
26 Apr 2024 20:11:34 [main] TRACE: Resolving type for handle themefd26doctype
26 Apr 2024 20:11:34 [main] TRACE: Resolving type for handle stylesheet5d8bdoctype
26 Apr 2024 20:11:34 [main] TRACE: Resolving type for handle ctstylesheet4257type
26 Apr 2024 20:11:34 [main] TRACE: Resolving type for handle ctfonts6623type
26 Apr 2024 20:11:34 [main] TRACE: Resolving type for handle ctfont14d8type
26 Apr 2024 20:11:34 [main] TRACE: Resolving type for handle ctfills2c6ftype
26 Apr 2024 20:11:34 [main] TRACE: Resolving type for handle ctfill550ctype
26 Apr 2024 20:11:34 [main] TRACE: Resolving type for handle ctborders0d66type
26 Apr 2024 20:11:34 [main] TRACE: Resolving type for handle ctborderf935type
26 Apr 2024 20:11:34 [main] TRACE: Resolving type for handle ctcellxfs1322type
26 Apr 2024 20:11:34 [main] TRACE: Resolving type for handle ctxf97f7type
26 Apr 2024 20:11:34 [main] TRACE: Resolving type for handle ctcellstylexfsa81ftype
26 Apr 2024 20:11:34 [main] TRACE: Resolving type for handle ctdxfsb26atype
26 Apr 2024 20:11:34 [main] TRACE: Resolving type for handle cttablestyles872ftype
26 Apr 2024 20:11:34 [main] TRACE: Resolving type for handle sstf81fdoctype
26 Apr 2024 20:11:34 [main] TRACE: Resolving type for handle ctsst44f3type
26 Apr 2024 20:11:34 [main] TRACE: Resolving type for handle ctrsta472type
26 Apr 2024 20:11:34 [main] TRACE: Resolving type for handle workbookec17doctype
26 Apr 2024 20:11:34 [main] TRACE: Resolving type for handle ctworkbook83c3type
26 Apr 2024 20:11:34 [main] TRACE: Resolving type for handle ctsheets49fdtype
26 Apr 2024 20:11:34 [main] TRACE: Resolving type for handle ctsheet4dbetype
26 Apr 2024 20:11:34 [main] TRACE: Resolving type for handle strelationshipid1e94type
26 Apr 2024 20:11:34 [main] TRACE: Resolving type for handle worksheetf539doctype
26 Apr 2024 20:11:34 [main] TRACE: Resolving type for handle ctworksheet530dtype
26 Apr 2024 20:11:34 [main] TRACE: Resolving type for handle ctcols627ctype
26 Apr 2024 20:11:34 [main] TRACE: Resolving type for handle ctsheetdata8408type
26 Apr 2024 20:11:34 [main] TRACE: Resolving type for handle ctrowdd39type
26 Apr 2024 20:11:34 [main] TRACE: Resolving type for handle ctcell842btype
26 Apr 2024 20:11:34 [main] TRACE: Resolving type for handle stcellrefe4e0type
26 Apr 2024 20:11:34 [main] TRACE: Resolving type for handle stcelltypebf95type
26 Apr 2024 20:11:34 [main] TRACE: Resolving type for handle stxstringf179type
26 Apr 2024 20:11:34 [main] INFO : Test data setup completed
26 Apr 2024 20:11:34 [main] INFO : Screenshot setup initiated
26 Apr 2024 20:11:34 [main] INFO : Screenshot setup completed
26 Apr 2024 20:11:34 [main] INFO : Test setup completed
26 Apr 2024 20:11:34 [main] INFO : Opening webpage
26 Apr 2024 20:11:44 [main] INFO : Book name presents
26 Apr 2024 20:11:44 [main] INFO : Adding to cart
26 Apr 2024 20:11:44 [main] INFO : Closing the test
26 Apr 2024 20:11:45 [main] INFO : Report Flushed
26 Apr 2024 20:11:45 [main] INFO : Test closed
26 Apr 2024 20:12:02 [main] INFO : Test setup initiated
26 Apr 2024 20:12:03 [main] INFO : Setting up the test report using ExtentReports
26 Apr 2024 20:12:04 [main] INFO : Test report setup completed
26 Apr 2024 20:12:04 [main] INFO : Setting up the test data using Excel
26 Apr 2024 20:12:04 [main] DEBUG: Parsing relationship: /xl/_rels/workbook.xml.rels
26 Apr 2024 20:12:04 [main] DEBUG: Parsing relationship: /_rels/.rels
26 Apr 2024 20:12:04 [main] TRACE: Loading type system org.apache.poi.schemas.ooxml.system.ooxml
26 Apr 2024 20:12:04 [main] TRACE: Loading type system org.apache.xmlbeans.metadata.system.sXMLCONFIG
26 Apr 2024 20:12:04 [main] TRACE: Loading type system org.apache.xmlbeans.metadata.system.sXMLLANG
26 Apr 2024 20:12:04 [main] TRACE: Loading type system org.apache.xmlbeans.metadata.system.sXMLSCHEMA
26 Apr 2024 20:12:04 [main] TRACE: Loading type system org.apache.xmlbeans.metadata.system.sXMLTOOLS
26 Apr 2024 20:12:04 [main] TRACE: Reading unresolved handles for type system org.apache.xmlbeans.metadata.system.sXMLTOOLS
26 Apr 2024 20:12:04 [main] TRACE: Finished loading type system org.apache.xmlbeans.metadata.system.sXMLTOOLS
26 Apr 2024 20:12:04 [main] TRACE: Reading unresolved handles for type system org.apache.xmlbeans.metadata.system.sXMLSCHEMA
26 Apr 2024 20:12:04 [main] TRACE: Finished loading type system org.apache.xmlbeans.metadata.system.sXMLSCHEMA
26 Apr 2024 20:12:04 [main] TRACE: Reading unresolved handles for type system org.apache.xmlbeans.metadata.system.sXMLLANG
26 Apr 2024 20:12:04 [main] TRACE: Finished loading type system org.apache.xmlbeans.metadata.system.sXMLLANG
26 Apr 2024 20:12:04 [main] TRACE: Reading unresolved handles for type system org.apache.xmlbeans.metadata.system.sXMLCONFIG
26 Apr 2024 20:12:04 [main] TRACE: Finished loading type system org.apache.xmlbeans.metadata.system.sXMLCONFIG
26 Apr 2024 20:12:04 [main] TRACE: Reading unresolved handles for type system org.apache.poi.schemas.ooxml.system.ooxml
26 Apr 2024 20:12:04 [main] TRACE: Finished loading type system org.apache.poi.schemas.ooxml.system.ooxml
26 Apr 2024 20:12:04 [main] TRACE: Resolving type for handle themefd26doctype
26 Apr 2024 20:12:04 [main] TRACE: Resolving type for handle stylesheet5d8bdoctype
26 Apr 2024 20:12:04 [main] TRACE: Resolving type for handle ctstylesheet4257type
26 Apr 2024 20:12:04 [main] TRACE: Resolving type for handle ctfonts6623type
26 Apr 2024 20:12:04 [main] TRACE: Resolving type for handle ctfont14d8type
26 Apr 2024 20:12:04 [main] TRACE: Resolving type for handle ctfills2c6ftype
26 Apr 2024 20:12:04 [main] TRACE: Resolving type for handle ctfill550ctype
26 Apr 2024 20:12:04 [main] TRACE: Resolving type for handle ctborders0d66type
26 Apr 2024 20:12:04 [main] TRACE: Resolving type for handle ctborderf935type
26 Apr 2024 20:12:04 [main] TRACE: Resolving type for handle ctcellxfs1322type
26 Apr 2024 20:12:04 [main] TRACE: Resolving type for handle ctxf97f7type
26 Apr 2024 20:12:04 [main] TRACE: Resolving type for handle ctcellstylexfsa81ftype
26 Apr 2024 20:12:04 [main] TRACE: Resolving type for handle ctdxfsb26atype
26 Apr 2024 20:12:04 [main] TRACE: Resolving type for handle cttablestyles872ftype
26 Apr 2024 20:12:04 [main] TRACE: Resolving type for handle sstf81fdoctype
26 Apr 2024 20:12:04 [main] TRACE: Resolving type for handle ctsst44f3type
26 Apr 2024 20:12:04 [main] TRACE: Resolving type for handle ctrsta472type
26 Apr 2024 20:12:04 [main] TRACE: Resolving type for handle workbookec17doctype
26 Apr 2024 20:12:04 [main] TRACE: Resolving type for handle ctworkbook83c3type
26 Apr 2024 20:12:04 [main] TRACE: Resolving type for handle ctsheets49fdtype
26 Apr 2024 20:12:04 [main] TRACE: Resolving type for handle ctsheet4dbetype
26 Apr 2024 20:12:04 [main] TRACE: Resolving type for handle strelationshipid1e94type
26 Apr 2024 20:12:04 [main] TRACE: Resolving type for handle worksheetf539doctype
26 Apr 2024 20:12:04 [main] TRACE: Resolving type for handle ctworksheet530dtype
26 Apr 2024 20:12:04 [main] TRACE: Resolving type for handle ctcols627ctype
26 Apr 2024 20:12:04 [main] TRACE: Resolving type for handle ctsheetdata8408type
26 Apr 2024 20:12:04 [main] TRACE: Resolving type for handle ctrowdd39type
26 Apr 2024 20:12:04 [main] TRACE: Resolving type for handle ctcell842btype
26 Apr 2024 20:12:04 [main] TRACE: Resolving type for handle stcellrefe4e0type
26 Apr 2024 20:12:04 [main] TRACE: Resolving type for handle stcelltypebf95type
26 Apr 2024 20:12:04 [main] TRACE: Resolving type for handle stxstringf179type
26 Apr 2024 20:12:04 [main] INFO : Test data setup completed
26 Apr 2024 20:12:04 [main] INFO : Screenshot setup initiated
26 Apr 2024 20:12:04 [main] INFO : Screenshot setup completed
26 Apr 2024 20:12:04 [main] INFO : Test setup completed
26 Apr 2024 20:12:04 [main] INFO : Opening webpage
26 Apr 2024 20:12:13 [main] INFO : Book name presents
26 Apr 2024 20:12:13 [main] INFO : Adding to cart
26 Apr 2024 20:12:13 [main] INFO : Closing the test
26 Apr 2024 20:12:13 [main] INFO : Report Flushed
26 Apr 2024 20:12:13 [main] INFO : Test closed
26 Apr 2024 20:12:20 [main] INFO : Test setup initiated
26 Apr 2024 20:12:21 [main] INFO : Setting up the test report using ExtentReports
26 Apr 2024 20:12:21 [main] INFO : Test report setup completed
26 Apr 2024 20:12:21 [main] INFO : Setting up the test data using Excel
26 Apr 2024 20:12:22 [main] DEBUG: Parsing relationship: /xl/_rels/workbook.xml.rels
26 Apr 2024 20:12:22 [main] DEBUG: Parsing relationship: /_rels/.rels
26 Apr 2024 20:12:22 [main] TRACE: Loading type system org.apache.poi.schemas.ooxml.system.ooxml
26 Apr 2024 20:12:22 [main] TRACE: Loading type system org.apache.xmlbeans.metadata.system.sXMLCONFIG
26 Apr 2024 20:12:22 [main] TRACE: Loading type system org.apache.xmlbeans.metadata.system.sXMLLANG
26 Apr 2024 20:12:22 [main] TRACE: Loading type system org.apache.xmlbeans.metadata.system.sXMLSCHEMA
26 Apr 2024 20:12:22 [main] TRACE: Loading type system org.apache.xmlbeans.metadata.system.sXMLTOOLS
26 Apr 2024 20:12:22 [main] TRACE: Reading unresolved handles for type system org.apache.xmlbeans.metadata.system.sXMLTOOLS
26 Apr 2024 20:12:22 [main] TRACE: Finished loading type system org.apache.xmlbeans.metadata.system.sXMLTOOLS
26 Apr 2024 20:12:22 [main] TRACE: Reading unresolved handles for type system org.apache.xmlbeans.metadata.system.sXMLSCHEMA
26 Apr 2024 20:12:22 [main] TRACE: Finished loading type system org.apache.xmlbeans.metadata.system.sXMLSCHEMA
26 Apr 2024 20:12:22 [main] TRACE: Reading unresolved handles for type system org.apache.xmlbeans.metadata.system.sXMLLANG
26 Apr 2024 20:12:22 [main] TRACE: Finished loading type system org.apache.xmlbeans.metadata.system.sXMLLANG
26 Apr 2024 20:12:22 [main] TRACE: Reading unresolved handles for type system org.apache.xmlbeans.metadata.system.sXMLCONFIG
26 Apr 2024 20:12:22 [main] TRACE: Finished loading type system org.apache.xmlbeans.metadata.system.sXMLCONFIG
26 Apr 2024 20:12:22 [main] TRACE: Reading unresolved handles for type system org.apache.poi.schemas.ooxml.system.ooxml
26 Apr 2024 20:12:22 [main] TRACE: Finished loading type system org.apache.poi.schemas.ooxml.system.ooxml
26 Apr 2024 20:12:22 [main] TRACE: Resolving type for handle themefd26doctype
26 Apr 2024 20:12:22 [main] TRACE: Resolving type for handle stylesheet5d8bdoctype
26 Apr 2024 20:12:22 [main] TRACE: Resolving type for handle ctstylesheet4257type
26 Apr 2024 20:12:22 [main] TRACE: Resolving type for handle ctfonts6623type
26 Apr 2024 20:12:22 [main] TRACE: Resolving type for handle ctfont14d8type
26 Apr 2024 20:12:22 [main] TRACE: Resolving type for handle ctfills2c6ftype
26 Apr 2024 20:12:22 [main] TRACE: Resolving type for handle ctfill550ctype
26 Apr 2024 20:12:22 [main] TRACE: Resolving type for handle ctborders0d66type
26 Apr 2024 20:12:22 [main] TRACE: Resolving type for handle ctborderf935type
26 Apr 2024 20:12:22 [main] TRACE: Resolving type for handle ctcellxfs1322type
26 Apr 2024 20:12:22 [main] TRACE: Resolving type for handle ctxf97f7type
26 Apr 2024 20:12:22 [main] TRACE: Resolving type for handle ctcellstylexfsa81ftype
26 Apr 2024 20:12:22 [main] TRACE: Resolving type for handle ctdxfsb26atype
26 Apr 2024 20:12:22 [main] TRACE: Resolving type for handle cttablestyles872ftype
26 Apr 2024 20:12:22 [main] TRACE: Resolving type for handle sstf81fdoctype
26 Apr 2024 20:12:22 [main] TRACE: Resolving type for handle ctsst44f3type
26 Apr 2024 20:12:22 [main] TRACE: Resolving type for handle ctrsta472type
26 Apr 2024 20:12:22 [main] TRACE: Resolving type for handle workbookec17doctype
26 Apr 2024 20:12:22 [main] TRACE: Resolving type for handle ctworkbook83c3type
26 Apr 2024 20:12:22 [main] TRACE: Resolving type for handle ctsheets49fdtype
26 Apr 2024 20:12:22 [main] TRACE: Resolving type for handle ctsheet4dbetype
26 Apr 2024 20:12:22 [main] TRACE: Resolving type for handle strelationshipid1e94type
26 Apr 2024 20:12:22 [main] TRACE: Resolving type for handle worksheetf539doctype
26 Apr 2024 20:12:22 [main] TRACE: Resolving type for handle ctworksheet530dtype
26 Apr 2024 20:12:22 [main] TRACE: Resolving type for handle ctcols627ctype
26 Apr 2024 20:12:22 [main] TRACE: Resolving type for handle ctsheetdata8408type
26 Apr 2024 20:12:22 [main] TRACE: Resolving type for handle ctrowdd39type
26 Apr 2024 20:12:22 [main] TRACE: Resolving type for handle ctcell842btype
26 Apr 2024 20:12:22 [main] TRACE: Resolving type for handle stcellrefe4e0type
26 Apr 2024 20:12:22 [main] TRACE: Resolving type for handle stcelltypebf95type
26 Apr 2024 20:12:22 [main] TRACE: Resolving type for handle stxstringf179type
26 Apr 2024 20:12:22 [main] INFO : Test data setup completed
26 Apr 2024 20:12:22 [main] INFO : Screenshot setup initiated
26 Apr 2024 20:12:22 [main] INFO : Screenshot setup completed
26 Apr 2024 20:12:22 [main] INFO : Test setup completed
26 Apr 2024 20:12:22 [main] INFO : Opening webpage
26 Apr 2024 20:12:32 [main] INFO : Book name presents
26 Apr 2024 20:12:32 [main] INFO : Adding to cart
26 Apr 2024 20:12:32 [main] INFO : Closing the test
26 Apr 2024 20:12:33 [main] INFO : Report Flushed
26 Apr 2024 20:12:33 [main] INFO : Test closed
26 Apr 2024 20:12:44 [main] INFO : Test setup initiated
26 Apr 2024 20:12:45 [main] INFO : Setting up the test report using ExtentReports
26 Apr 2024 20:12:45 [main] INFO : Test report setup completed
26 Apr 2024 20:12:45 [main] INFO : Setting up the test data using Excel
26 Apr 2024 20:12:45 [main] DEBUG: Parsing relationship: /xl/_rels/workbook.xml.rels
26 Apr 2024 20:12:45 [main] DEBUG: Parsing relationship: /_rels/.rels
26 Apr 2024 20:12:46 [main] TRACE: Loading type system org.apache.poi.schemas.ooxml.system.ooxml
26 Apr 2024 20:12:46 [main] TRACE: Loading type system org.apache.xmlbeans.metadata.system.sXMLCONFIG
26 Apr 2024 20:12:46 [main] TRACE: Loading type system org.apache.xmlbeans.metadata.system.sXMLLANG
26 Apr 2024 20:12:46 [main] TRACE: Loading type system org.apache.xmlbeans.metadata.system.sXMLSCHEMA
26 Apr 2024 20:12:46 [main] TRACE: Loading type system org.apache.xmlbeans.metadata.system.sXMLTOOLS
26 Apr 2024 20:12:46 [main] TRACE: Reading unresolved handles for type system org.apache.xmlbeans.metadata.system.sXMLTOOLS
26 Apr 2024 20:12:46 [main] TRACE: Finished loading type system org.apache.xmlbeans.metadata.system.sXMLTOOLS
26 Apr 2024 20:12:46 [main] TRACE: Reading unresolved handles for type system org.apache.xmlbeans.metadata.system.sXMLSCHEMA
26 Apr 2024 20:12:46 [main] TRACE: Finished loading type system org.apache.xmlbeans.metadata.system.sXMLSCHEMA
26 Apr 2024 20:12:46 [main] TRACE: Reading unresolved handles for type system org.apache.xmlbeans.metadata.system.sXMLLANG
26 Apr 2024 20:12:46 [main] TRACE: Finished loading type system org.apache.xmlbeans.metadata.system.sXMLLANG
26 Apr 2024 20:12:46 [main] TRACE: Reading unresolved handles for type system org.apache.xmlbeans.metadata.system.sXMLCONFIG
26 Apr 2024 20:12:46 [main] TRACE: Finished loading type system org.apache.xmlbeans.metadata.system.sXMLCONFIG
26 Apr 2024 20:12:46 [main] TRACE: Reading unresolved handles for type system org.apache.poi.schemas.ooxml.system.ooxml
26 Apr 2024 20:12:46 [main] TRACE: Finished loading type system org.apache.poi.schemas.ooxml.system.ooxml
26 Apr 2024 20:12:46 [main] TRACE: Resolving type for handle themefd26doctype
26 Apr 2024 20:12:46 [main] TRACE: Resolving type for handle stylesheet5d8bdoctype
26 Apr 2024 20:12:46 [main] TRACE: Resolving type for handle ctstylesheet4257type
26 Apr 2024 20:12:46 [main] TRACE: Resolving type for handle ctfonts6623type
26 Apr 2024 20:12:46 [main] TRACE: Resolving type for handle ctfont14d8type
26 Apr 2024 20:12:46 [main] TRACE: Resolving type for handle ctfills2c6ftype
26 Apr 2024 20:12:46 [main] TRACE: Resolving type for handle ctfill550ctype
26 Apr 2024 20:12:46 [main] TRACE: Resolving type for handle ctborders0d66type
26 Apr 2024 20:12:46 [main] TRACE: Resolving type for handle ctborderf935type
26 Apr 2024 20:12:46 [main] TRACE: Resolving type for handle ctcellxfs1322type
26 Apr 2024 20:12:46 [main] TRACE: Resolving type for handle ctxf97f7type
26 Apr 2024 20:12:46 [main] TRACE: Resolving type for handle ctcellstylexfsa81ftype
26 Apr 2024 20:12:46 [main] TRACE: Resolving type for handle ctdxfsb26atype
26 Apr 2024 20:12:46 [main] TRACE: Resolving type for handle cttablestyles872ftype
26 Apr 2024 20:12:46 [main] TRACE: Resolving type for handle sstf81fdoctype
26 Apr 2024 20:12:46 [main] TRACE: Resolving type for handle ctsst44f3type
26 Apr 2024 20:12:46 [main] TRACE: Resolving type for handle ctrsta472type
26 Apr 2024 20:12:46 [main] TRACE: Resolving type for handle workbookec17doctype
26 Apr 2024 20:12:46 [main] TRACE: Resolving type for handle ctworkbook83c3type
26 Apr 2024 20:12:46 [main] TRACE: Resolving type for handle ctsheets49fdtype
26 Apr 2024 20:12:46 [main] TRACE: Resolving type for handle ctsheet4dbetype
26 Apr 2024 20:12:46 [main] TRACE: Resolving type for handle strelationshipid1e94type
26 Apr 2024 20:12:46 [main] TRACE: Resolving type for handle worksheetf539doctype
26 Apr 2024 20:12:46 [main] TRACE: Resolving type for handle ctworksheet530dtype
26 Apr 2024 20:12:46 [main] TRACE: Resolving type for handle ctcols627ctype
26 Apr 2024 20:12:46 [main] TRACE: Resolving type for handle ctsheetdata8408type
26 Apr 2024 20:12:46 [main] TRACE: Resolving type for handle ctrowdd39type
26 Apr 2024 20:12:46 [main] TRACE: Resolving type for handle ctcell842btype
26 Apr 2024 20:12:46 [main] TRACE: Resolving type for handle stcellrefe4e0type
26 Apr 2024 20:12:46 [main] TRACE: Resolving type for handle stcelltypebf95type
26 Apr 2024 20:12:46 [main] TRACE: Resolving type for handle stxstringf179type
26 Apr 2024 20:12:46 [main] INFO : Test data setup completed
26 Apr 2024 20:12:46 [main] INFO : Screenshot setup initiated
26 Apr 2024 20:12:46 [main] INFO : Screenshot setup completed
26 Apr 2024 20:12:46 [main] INFO : Test setup completed
26 Apr 2024 20:12:46 [main] INFO : Opening webpage
26 Apr 2024 20:12:56 [main] INFO : Book name presents
26 Apr 2024 20:12:56 [main] INFO : Adding to cart
26 Apr 2024 20:12:58 [main] FATAL: ADD TO CART NOT CLICKABLE
26 Apr 2024 20:12:58 [main] INFO : Choosing BN Membership
26 Apr 2024 20:13:02 [main] INFO : JOIN REWARDS clicked
26 Apr 2024 20:13:12 [main] INFO : Screenshot taken for evidence
26 Apr 2024 20:13:12 [main] FATAL: Trying to find SIGN IN POP UP will fail
26 Apr 2024 20:13:12 [main] ERROR: SIGN IN POP UP not found
26 Apr 2024 20:13:12 [main] INFO : Closing the test
26 Apr 2024 20:13:12 [main] INFO : Report Flushed
26 Apr 2024 20:13:12 [main] INFO : Test closed
26 Apr 2024 20:14:25 [main] INFO : Test setup initiated
26 Apr 2024 20:14:27 [main] INFO : Setting up the test report using ExtentReports
26 Apr 2024 20:14:27 [main] INFO : Test report setup completed
26 Apr 2024 20:14:27 [main] INFO : Setting up the test data using Excel
26 Apr 2024 20:14:27 [main] DEBUG: Parsing relationship: /xl/_rels/workbook.xml.rels
26 Apr 2024 20:14:27 [main] DEBUG: Parsing relationship: /_rels/.rels
26 Apr 2024 20:14:27 [main] TRACE: Loading type system org.apache.poi.schemas.ooxml.system.ooxml
26 Apr 2024 20:14:28 [main] TRACE: Loading type system org.apache.xmlbeans.metadata.system.sXMLCONFIG
26 Apr 2024 20:14:28 [main] TRACE: Loading type system org.apache.xmlbeans.metadata.system.sXMLLANG
26 Apr 2024 20:14:28 [main] TRACE: Loading type system org.apache.xmlbeans.metadata.system.sXMLSCHEMA
26 Apr 2024 20:14:28 [main] TRACE: Loading type system org.apache.xmlbeans.metadata.system.sXMLTOOLS
26 Apr 2024 20:14:28 [main] TRACE: Reading unresolved handles for type system org.apache.xmlbeans.metadata.system.sXMLTOOLS
26 Apr 2024 20:14:28 [main] TRACE: Finished loading type system org.apache.xmlbeans.metadata.system.sXMLTOOLS
26 Apr 2024 20:14:28 [main] TRACE: Reading unresolved handles for type system org.apache.xmlbeans.metadata.system.sXMLSCHEMA
26 Apr 2024 20:14:28 [main] TRACE: Finished loading type system org.apache.xmlbeans.metadata.system.sXMLSCHEMA
26 Apr 2024 20:14:28 [main] TRACE: Reading unresolved handles for type system org.apache.xmlbeans.metadata.system.sXMLLANG
26 Apr 2024 20:14:28 [main] TRACE: Finished loading type system org.apache.xmlbeans.metadata.system.sXMLLANG
26 Apr 2024 20:14:28 [main] TRACE: Reading unresolved handles for type system org.apache.xmlbeans.metadata.system.sXMLCONFIG
26 Apr 2024 20:14:28 [main] TRACE: Finished loading type system org.apache.xmlbeans.metadata.system.sXMLCONFIG
26 Apr 2024 20:14:28 [main] TRACE: Reading unresolved handles for type system org.apache.poi.schemas.ooxml.system.ooxml
26 Apr 2024 20:14:28 [main] TRACE: Finished loading type system org.apache.poi.schemas.ooxml.system.ooxml
26 Apr 2024 20:14:28 [main] TRACE: Resolving type for handle themefd26doctype
26 Apr 2024 20:14:28 [main] TRACE: Resolving type for handle stylesheet5d8bdoctype
26 Apr 2024 20:14:28 [main] TRACE: Resolving type for handle ctstylesheet4257type
26 Apr 2024 20:14:28 [main] TRACE: Resolving type for handle ctfonts6623type
26 Apr 2024 20:14:28 [main] TRACE: Resolving type for handle ctfont14d8type
26 Apr 2024 20:14:28 [main] TRACE: Resolving type for handle ctfills2c6ftype
26 Apr 2024 20:14:28 [main] TRACE: Resolving type for handle ctfill550ctype
26 Apr 2024 20:14:28 [main] TRACE: Resolving type for handle ctborders0d66type
26 Apr 2024 20:14:28 [main] TRACE: Resolving type for handle ctborderf935type
26 Apr 2024 20:14:28 [main] TRACE: Resolving type for handle ctcellxfs1322type
26 Apr 2024 20:14:28 [main] TRACE: Resolving type for handle ctxf97f7type
26 Apr 2024 20:14:28 [main] TRACE: Resolving type for handle ctcellstylexfsa81ftype
26 Apr 2024 20:14:28 [main] TRACE: Resolving type for handle ctdxfsb26atype
26 Apr 2024 20:14:28 [main] TRACE: Resolving type for handle cttablestyles872ftype
26 Apr 2024 20:14:28 [main] TRACE: Resolving type for handle sstf81fdoctype
26 Apr 2024 20:14:28 [main] TRACE: Resolving type for handle ctsst44f3type
26 Apr 2024 20:14:28 [main] TRACE: Resolving type for handle ctrsta472type
26 Apr 2024 20:14:28 [main] TRACE: Resolving type for handle workbookec17doctype
26 Apr 2024 20:14:28 [main] TRACE: Resolving type for handle ctworkbook83c3type
26 Apr 2024 20:14:28 [main] TRACE: Resolving type for handle ctsheets49fdtype
26 Apr 2024 20:14:28 [main] TRACE: Resolving type for handle ctsheet4dbetype
26 Apr 2024 20:14:28 [main] TRACE: Resolving type for handle strelationshipid1e94type
26 Apr 2024 20:14:28 [main] TRACE: Resolving type for handle worksheetf539doctype
26 Apr 2024 20:14:28 [main] TRACE: Resolving type for handle ctworksheet530dtype
26 Apr 2024 20:14:28 [main] TRACE: Resolving type for handle ctcols627ctype
26 Apr 2024 20:14:28 [main] TRACE: Resolving type for handle ctsheetdata8408type
26 Apr 2024 20:14:28 [main] TRACE: Resolving type for handle ctrowdd39type
26 Apr 2024 20:14:28 [main] TRACE: Resolving type for handle ctcell842btype
26 Apr 2024 20:14:28 [main] TRACE: Resolving type for handle stcellrefe4e0type
26 Apr 2024 20:14:28 [main] TRACE: Resolving type for handle stcelltypebf95type
26 Apr 2024 20:14:28 [main] TRACE: Resolving type for handle stxstringf179type
26 Apr 2024 20:14:28 [main] INFO : Test data setup completed
26 Apr 2024 20:14:28 [main] INFO : Screenshot setup initiated
26 Apr 2024 20:14:28 [main] INFO : Screenshot setup completed
26 Apr 2024 20:14:28 [main] INFO : Test setup completed
26 Apr 2024 20:14:28 [main] INFO : Opening webpage
26 Apr 2024 20:14:37 [main] INFO : Book name presents
26 Apr 2024 20:14:37 [main] INFO : Adding to cart
26 Apr 2024 20:14:39 [main] FATAL: ADD TO CART NOT CLICKABLE
26 Apr 2024 20:14:39 [main] INFO : Choosing BN Membership
26 Apr 2024 20:14:43 [main] INFO : JOIN REWARDS clicked
26 Apr 2024 20:14:54 [main] INFO : Screenshot taken for evidence
26 Apr 2024 20:14:54 [main] FATAL: Trying to find SIGN IN POP UP will fail
26 Apr 2024 20:14:54 [main] ERROR: SIGN IN POP UP not found
26 Apr 2024 20:14:54 [main] INFO : Closing the test
26 Apr 2024 20:14:54 [main] INFO : Report Flushed
26 Apr 2024 20:14:54 [main] INFO : Test closed
